<?xml version="1.0" encoding="UTF-8"?>
<!-- Generated by org.testng.reporters.JUnitReportReporter -->
<testsuite skipped="0" hostname="Naveen-Mac.local" name="com.qa.hubspot.tests.LoginPageTest" tests="3" failures="0" timestamp="11 Jun 2019 11:33:52 GMT" time="34.227" errors="0">
  <testcase name="verifyLoginPageTitleTest" time="12.400" classname="com.qa.hubspot.tests.LoginPageTest"/>
  <testcase name="verifySignUpLinkTest" time="10.573" classname="com.qa.hubspot.tests.LoginPageTest"/>
  <testcase name="hubSpotLoginTest" time="11.254" classname="com.qa.hubspot.tests.LoginPageTest"/>
</testsuite> <!-- com.qa.hubspot.tests.LoginPageTest -->
