<?xml version="1.0" encoding="UTF-8"?>
<!-- Generated by org.testng.reporters.JUnitReportReporter -->
<testsuite skipped="0" hostname="Naveen-Mac.local" name="com.qa.hubspot.tests.LoginPageTestBy" tests="3" failures="0" timestamp="14 Jun 2019 06:58:21 GMT" time="36.766" errors="0">
  <testcase name="verifyLoginPageTitleTest" time="10.497" classname="com.qa.hubspot.tests.LoginPageTestBy"/>
  <testcase name="verifySignUpLinkTest" time="9.955" classname="com.qa.hubspot.tests.LoginPageTestBy"/>
  <testcase name="hubSpotLoginTest" time="16.314" classname="com.qa.hubspot.tests.LoginPageTestBy"/>
</testsuite> <!-- com.qa.hubspot.tests.LoginPageTestBy -->
